Using pre-set license
Built from '2020.3/staging' branch; Version is '2020.3.23f1 (c5d91304a876) revision 12966163'; Using compiler version '192528614'; Build Type 'Release'
OS: 'Windows 10 Home; OS build 22000.527; Version 2009; 64bit' Language: 'ko' Physical Memory: 32644 MB
BatchMode: 1, IsHumanControllingUs: 0, StartBugReporterOnCrash: 0, Is64bit: 1, IsPro: 0

COMMAND LINE ARGUMENTS:
D:\Unity\2020.3.23f1\Editor\Unity.exe
-adb2
-batchMode
-noUpm
-name
AssetImportWorker0
-projectPath
D:/GitHub/Shooting
-logFile
Logs/AssetImportWorker0.log
-srvPort
5233
Successfully changed project path to: D:/GitHub/Shooting
D:/GitHub/Shooting
Using Asset Import Pipeline V2.
Refreshing native plugins compatible for Editor in 43.07 ms, found 2 plugins.
Preloading 0 native plugins for Editor in 0.00 ms.
Initialize engine version: 2020.3.23f1 (c5d91304a876)
[Subsystems] Discovering subsystems at path D:/Unity/2020.3.23f1/Editor/Data/Resources/UnitySubsystems
[Subsystems] Discovering subsystems at path D:/GitHub/Shooting/Assets
GfxDevice: creating device client; threaded=0
Direct3D:
    Version:  Direct3D 11.0 [level 11.1]
    Renderer: NVIDIA GeForce GTX 1070 (ID=0x1be1)
    Vendor:   
    VRAM:     8082 MB
    Driver:   30.0.14.9733
Initialize mono
Mono path[0] = 'D:/Unity/2020.3.23f1/Editor/Data/Managed'
Mono path[1] = 'D:/Unity/2020.3.23f1/Editor/Data/MonoBleedingEdge/lib/mono/unityjit'
Mono config path = 'D:/Unity/2020.3.23f1/Editor/Data/MonoBleedingEdge/etc'
Using monoOptions --debugger-agent=transport=dt_socket,embedding=1,server=y,suspend=n,address=127.0.0.1:56648
Begin MonoManager ReloadAssembly
Registering precompiled unity dll's ...
Register platform support module: D:/Unity/2020.3.23f1/Editor/Data/PlaybackEngines/WindowsStandaloneSupport/UnityEditor.WindowsStandalone.Extensions.dll
Registered in 0.000834 seconds.
Native extension for WindowsStandalone target not found
Refreshing native plugins compatible for Editor in 33.51 ms, found 2 plugins.
Preloading 0 native plugins for Editor in 0.00 ms.
Mono: successfully reloaded assembly
- Completed reload, in  0.577 seconds
Domain Reload Profiling:
	ReloadAssembly (577ms)
		BeginReloadAssembly (54ms)
			ExecutionOrderSort (0ms)
			DisableScriptedObjects (0ms)
			BackupInstance (0ms)
			ReleaseScriptingObjects (0ms)
			CreateAndSetChildDomain (1ms)
		EndReloadAssembly (457ms)
			LoadAssemblies (54ms)
			RebuildTransferFunctionScriptingTraits (0ms)
			SetupTypeCache (155ms)
			ReleaseScriptCaches (0ms)
			RebuildScriptCaches (31ms)
			SetupLoadedEditorAssemblies (162ms)
				LogAssemblyErrors (0ms)
				InitializePlatformSupportModulesInManaged (4ms)
				SetLoadedEditorAssemblies (0ms)
				RefreshPlugins (34ms)
				BeforeProcessingInitializeOnLoad (17ms)
				ProcessInitializeOnLoadAttributes (79ms)
				ProcessInitializeOnLoadMethodAttributes (28ms)
				AfterProcessingInitializeOnLoad (0ms)
				EditorAssembliesLoaded (0ms)
			ExecutionOrderSort2 (0ms)
			AwakeInstancesAfterBackupRestoration (0ms)
Platform modules already initialized, skipping
Registering precompiled user dll's ...
Registered in 0.003596 seconds.
Begin MonoManager ReloadAssembly
Native extension for WindowsStandalone target not found
Refreshing native plugins compatible for Editor in 0.39 ms, found 2 plugins.
Preloading 0 native plugins for Editor in 0.00 ms.
Mono: successfully reloaded assembly
- Completed reload, in  0.979 seconds
Domain Reload Profiling:
	ReloadAssembly (980ms)
		BeginReloadAssembly (141ms)
			ExecutionOrderSort (0ms)
			DisableScriptedObjects (5ms)
			BackupInstance (0ms)
			ReleaseScriptingObjects (0ms)
			CreateAndSetChildDomain (18ms)
		EndReloadAssembly (774ms)
			LoadAssemblies (91ms)
			RebuildTransferFunctionScriptingTraits (0ms)
			SetupTypeCache (268ms)
			ReleaseScriptCaches (0ms)
			RebuildScriptCaches (43ms)
			SetupLoadedEditorAssemblies (283ms)
				LogAssemblyErrors (0ms)
				InitializePlatformSupportModulesInManaged (4ms)
				SetLoadedEditorAssemblies (0ms)
				RefreshPlugins (0ms)
				BeforeProcessingInitializeOnLoad (71ms)
				ProcessInitializeOnLoadAttributes (197ms)
				ProcessInitializeOnLoadMethodAttributes (9ms)
				AfterProcessingInitializeOnLoad (2ms)
				EditorAssembliesLoaded (0ms)
			ExecutionOrderSort2 (0ms)
			AwakeInstancesAfterBackupRestoration (6ms)
Platform modules already initialized, skipping
========================================================================
Worker process is ready to serve import requests
Launched and connected shader compiler UnityShaderCompiler.exe after 0.11 seconds
Refreshing native plugins compatible for Editor in 0.37 ms, found 2 plugins.
Preloading 0 native plugins for Editor in 0.00 ms.
Unloading 1526 Unused Serialized files (Serialized files now loaded: 0)
System memory in use before: 72.7 MB.
System memory in use after: 72.8 MB.

Unloading 20 unused Assets to reduce memory usage. Loaded Objects now: 1964.
Total: 2.899300 ms (FindLiveObjects: 0.237900 ms CreateObjectMapping: 0.050800 ms MarkObjects: 2.534600 ms  DeleteObjects: 0.074800 ms)

AssetImportParameters requested are different than current active one (requested -> active):
  custom:framework-win-MediaFoundation: 216162199b28c13a410421893ffa2e32 -> 
  custom:video-decoder-ogg-theora: a1e56fd34408186e4bbccfd4996cb3dc -> 
  custom:container-muxer-webm: aa71ff27fc2769a1b78a27578f13a17b -> 
  custom:container-demuxer-webm: 4f35f7cbe854078d1ac9338744f61a02 -> 
  custom:container-demuxer-ogg: 62fdf1f143b41e24485cea50d1cbac27 -> 
  custom:video-encoder-webm-vp8: eb34c28f22e8b96e1ab97ce403110664 -> 
  custom:video-decoder-webm-vp8: 9c59270c3fd7afecdb556c50c9e8de78 -> 
  custom:audio-decoder-ogg-vorbis: bf7c407c2cedff20999df2af8eb42d56 -> 
  custom:audio-encoder-webm-vorbis: bf7c407c2cedff20999df2af8eb42d56 -> 
========================================================================
Received Import Request.
  path: Assets/01.Scenes/GameScene.unity
  artifactKey: Guid(9fc0d4010bbf28b4594072e72b8655ab) Importer(815301076,1909f56bfc062723c751e8b465ee728b)
Start importing Assets/01.Scenes/GameScene.unity using Guid(9fc0d4010bbf28b4594072e72b8655ab) Importer(815301076,1909f56bfc062723c751e8b465ee728b)  -> (artifact id: '3bfe8d0ae1084cf58e9fc39c73744458') in 0.020968 seconds 
  Import took 0.023439 seconds .

========================================================================
Received Import Request.
  Time since last request: 1.519998 seconds.
  path: Assets/02.Scripts/BG.cs
  artifactKey: Guid(2db5cb24a71b7d740a81637c3dbd9ac7) Importer(815301076,1909f56bfc062723c751e8b465ee728b)
Start importing Assets/02.Scripts/BG.cs using Guid(2db5cb24a71b7d740a81637c3dbd9ac7) Importer(815301076,1909f56bfc062723c751e8b465ee728b)  -> (artifact id: '0a25f329b62852ea48ef8975e2c3f307') in 0.048129 seconds 
  Import took 0.050508 seconds .

========================================================================
Received Import Request.
  Time since last request: 0.864975 seconds.
  path: Assets/02.Scripts/Bullet.cs
  artifactKey: Guid(714738311c5cf324aa050abf0e8c7324) Importer(815301076,1909f56bfc062723c751e8b465ee728b)
Start importing Assets/02.Scripts/Bullet.cs using Guid(714738311c5cf324aa050abf0e8c7324) Importer(815301076,1909f56bfc062723c751e8b465ee728b)  -> (artifact id: 'db73cdd4f1e829f5f1ac261381374533') in 0.007652 seconds 
  Import took 0.009939 seconds .

========================================================================
Received Import Request.
  Time since last request: 3.044205 seconds.
  path: Assets/02.Scripts/GameManager.cs
  artifactKey: Guid(61ac6f21bcc09994684df104cecb83e2) Importer(815301076,1909f56bfc062723c751e8b465ee728b)
Start importing Assets/02.Scripts/GameManager.cs using Guid(61ac6f21bcc09994684df104cecb83e2) Importer(815301076,1909f56bfc062723c751e8b465ee728b)  -> (artifact id: 'cce97e22713c416d5f04ec89faba85bb') in 0.007331 seconds 
  Import took 0.009619 seconds .

========================================================================
Received Import Request.
  Time since last request: 1.092257 seconds.
  path: Assets/02.Scripts/Tail.cs
  artifactKey: Guid(1a28fdc6bf785e94995b71d769f56da6) Importer(815301076,1909f56bfc062723c751e8b465ee728b)
Start importing Assets/02.Scripts/Tail.cs using Guid(1a28fdc6bf785e94995b71d769f56da6) Importer(815301076,1909f56bfc062723c751e8b465ee728b)  -> (artifact id: '0c00127e66ac771e05c6622437a65674') in 0.006474 seconds 
  Import took 0.008824 seconds .

========================================================================
Received Import Request.
  Time since last request: 3.142039 seconds.
  path: Assets/02.Scripts/PlayerHP.cs
  artifactKey: Guid(70e051d57420cf64eaf40f78e0f2a4aa) Importer(815301076,1909f56bfc062723c751e8b465ee728b)
Start importing Assets/02.Scripts/PlayerHP.cs using Guid(70e051d57420cf64eaf40f78e0f2a4aa) Importer(815301076,1909f56bfc062723c751e8b465ee728b)  -> (artifact id: '24fb4c7be443fd636875c8ff85b10c8a') in 0.006678 seconds 
  Import took 0.009274 seconds .

========================================================================
Received Import Request.
  Time since last request: 39.887188 seconds.
  path: Assets/05.Sounds/총소리.mp3
  artifactKey: Guid(e81795fc7d1ab784ab45f07622b1fe39) Importer(815301076,1909f56bfc062723c751e8b465ee728b)
Start importing Assets/05.Sounds/총소리.mp3 using Guid(e81795fc7d1ab784ab45f07622b1fe39) Importer(815301076,1909f56bfc062723c751e8b465ee728b)  -> (artifact id: 'e7813d1c72d4e04044464a5d7969628f') in 0.165275 seconds 
  Import took 0.167673 seconds .

========================================================================
Received Import Request.
  Time since last request: 6.131776 seconds.
  path: Assets/05.Sounds/Gun.mp3
  artifactKey: Guid(e81795fc7d1ab784ab45f07622b1fe39) Importer(815301076,1909f56bfc062723c751e8b465ee728b)
Start importing Assets/05.Sounds/Gun.mp3 using Guid(e81795fc7d1ab784ab45f07622b1fe39) Importer(815301076,1909f56bfc062723c751e8b465ee728b)  -> (artifact id: '7ddf3a80a0252aa0d12dc45ef513f09d') in 0.012003 seconds 
  Import took 0.014459 seconds .

========================================================================
Received Import Request.
  Time since last request: 1.542628 seconds.
  path: Assets/05.Sounds/폭발소리.mp3
  artifactKey: Guid(f1920ffcb61c39344a7e7b718958ea6a) Importer(815301076,1909f56bfc062723c751e8b465ee728b)
Start importing Assets/05.Sounds/폭발소리.mp3 using Guid(f1920ffcb61c39344a7e7b718958ea6a) Importer(815301076,1909f56bfc062723c751e8b465ee728b)  -> (artifact id: 'dadbdd5b92453a25b22bf1f4de6df2d3') in 0.011221 seconds 
  Import took 0.013582 seconds .

========================================================================
Received Import Request.
  Time since last request: 6.406273 seconds.
  path: Assets/05.Sounds/Explosion.mp3
  artifactKey: Guid(f1920ffcb61c39344a7e7b718958ea6a) Importer(815301076,1909f56bfc062723c751e8b465ee728b)
Start importing Assets/05.Sounds/Explosion.mp3 using Guid(f1920ffcb61c39344a7e7b718958ea6a) Importer(815301076,1909f56bfc062723c751e8b465ee728b)  -> (artifact id: '00fd8c39e060b3834eee5dd2775147bf') in 0.012366 seconds 
  Import took 0.014887 seconds .

========================================================================
Received Import Request.
  Time since last request: 1.395955 seconds.
  path: Assets/05.Sounds/Raiden 2 music Stage 1.mp3
  artifactKey: Guid(02e4a32dae9a2884e8771de3afa630f9) Importer(815301076,1909f56bfc062723c751e8b465ee728b)
Start importing Assets/05.Sounds/Raiden 2 music Stage 1.mp3 using Guid(02e4a32dae9a2884e8771de3afa630f9) Importer(815301076,1909f56bfc062723c751e8b465ee728b)  -> (artifact id: '56abd617be46c23af54276b444088192') in 0.012954 seconds 
  Import took 0.015395 seconds .

========================================================================
Received Import Request.
  Time since last request: 10.051448 seconds.
  path: Assets/05.Sounds/Music.mp3
  artifactKey: Guid(02e4a32dae9a2884e8771de3afa630f9) Importer(815301076,1909f56bfc062723c751e8b465ee728b)
Start importing Assets/05.Sounds/Music.mp3 using Guid(02e4a32dae9a2884e8771de3afa630f9) Importer(815301076,1909f56bfc062723c751e8b465ee728b)  -> (artifact id: 'da84e1c2e8a5e8147836c30136eef32b') in 0.038811 seconds 
  Import took 0.041419 seconds .

========================================================================
Received Import Request.
  Time since last request: 12.986640 seconds.
  path: Assets/04.Images/Space.jpeg
  artifactKey: Guid(813665aa06788634a962f73cd3187f86) Importer(815301076,1909f56bfc062723c751e8b465ee728b)
Start importing Assets/04.Images/Space.jpeg using Guid(813665aa06788634a962f73cd3187f86) Importer(815301076,1909f56bfc062723c751e8b465ee728b)  -> (artifact id: '9c453fa2727e2dcbc05a0990dfad75f3') in 0.072594 seconds 
  Import took 0.075017 seconds .

========================================================================
Received Import Request.
  Time since last request: 2.904568 seconds.
  path: Assets/03.Prefabs/CFX4 Hit Paint C (Cyan)(Clone).prefab
  artifactKey: Guid(a745df00bde04d949845420c278fee74) Importer(815301076,1909f56bfc062723c751e8b465ee728b)
Start importing Assets/03.Prefabs/CFX4 Hit Paint C (Cyan)(Clone).prefab using Guid(a745df00bde04d949845420c278fee74) Importer(815301076,1909f56bfc062723c751e8b465ee728b)  -> (artifact id: '79bbe10d419d99981c15ce4f438a4465') in 0.037680 seconds 
  Import took 0.040509 seconds .

========================================================================
Received Import Request.
  Time since last request: 0.114014 seconds.
  path: Assets/Standard Assets/JMO Assets/Cartoon FX/Materials/Misc/CFX4_PaintHit AB.mat
  artifactKey: Guid(27dd61234320b5449a30b298b41751ab) Importer(815301076,1909f56bfc062723c751e8b465ee728b)
Start importing Assets/Standard Assets/JMO Assets/Cartoon FX/Materials/Misc/CFX4_PaintHit AB.mat using Guid(27dd61234320b5449a30b298b41751ab) Importer(815301076,1909f56bfc062723c751e8b465ee728b)  -> (artifact id: '2e773777cd4351a779a4b1837ee8e19a') in 0.043500 seconds 
  Import took 0.046080 seconds .

========================================================================
Received Prepare
Registering precompiled user dll's ...
Registered in 0.003117 seconds.
Begin MonoManager ReloadAssembly
Native extension for WindowsStandalone target not found
Refreshing native plugins compatible for Editor in 0.37 ms, found 2 plugins.
Preloading 0 native plugins for Editor in 0.00 ms.
Mono: successfully reloaded assembly
- Completed reload, in  0.961 seconds
Domain Reload Profiling:
	ReloadAssembly (961ms)
		BeginReloadAssembly (118ms)
			ExecutionOrderSort (0ms)
			DisableScriptedObjects (5ms)
			BackupInstance (0ms)
			ReleaseScriptingObjects (0ms)
			CreateAndSetChildDomain (31ms)
		EndReloadAssembly (787ms)
			LoadAssemblies (91ms)
			RebuildTransferFunctionScriptingTraits (0ms)
			SetupTypeCache (272ms)
			ReleaseScriptCaches (1ms)
			RebuildScriptCaches (42ms)
			SetupLoadedEditorAssemblies (280ms)
				LogAssemblyErrors (0ms)
				InitializePlatformSupportModulesInManaged (4ms)
				SetLoadedEditorAssemblies (0ms)
				RefreshPlugins (0ms)
				BeforeProcessingInitializeOnLoad (64ms)
				ProcessInitializeOnLoadAttributes (199ms)
				ProcessInitializeOnLoadMethodAttributes (10ms)
				AfterProcessingInitializeOnLoad (2ms)
				EditorAssembliesLoaded (0ms)
			ExecutionOrderSort2 (0ms)
			AwakeInstancesAfterBackupRestoration (6ms)
Platform modules already initialized, skipping
Switching build target platform(19) subTarget(0) extendedPlatform(0) -> platform(13) subTarget(537395200) extendedPlatform(0)
Refreshing native plugins compatible for Editor in 0.65 ms, found 2 plugins.
Preloading 0 native plugins for Editor in 0.00 ms.
Unloading 1521 Unused Serialized files (Serialized files now loaded: 0)
System memory in use before: 75.6 MB.
System memory in use after: 75.7 MB.

Unloading 15 unused Assets to reduce memory usage. Loaded Objects now: 2009.
Total: 2.719500 ms (FindLiveObjects: 0.164200 ms CreateObjectMapping: 0.050100 ms MarkObjects: 2.488400 ms  DeleteObjects: 0.016100 ms)

AssetImportParameters requested are different than current active one (requested -> active):
  custom:framework-win-MediaFoundation: 216162199b28c13a410421893ffa2e32 -> 
  custom:video-decoder-ogg-theora: a1e56fd34408186e4bbccfd4996cb3dc -> 
  custom:container-muxer-webm: aa71ff27fc2769a1b78a27578f13a17b -> 
  custom:container-demuxer-webm: 4f35f7cbe854078d1ac9338744f61a02 -> 
  custom:container-demuxer-ogg: 62fdf1f143b41e24485cea50d1cbac27 -> 
  custom:video-encoder-webm-vp8: eb34c28f22e8b96e1ab97ce403110664 -> 
  custom:video-decoder-webm-vp8: 9c59270c3fd7afecdb556c50c9e8de78 -> 
  custom:graphics/normal-map-encoding: 01000000000000000000000000000000 -> 02000000000000000000000000000000
  custom:audio-decoder-ogg-vorbis: bf7c407c2cedff20999df2af8eb42d56 -> 
  custom:audio-encoder-webm-vorbis: bf7c407c2cedff20999df2af8eb42d56 -> 
AssetImportWorkerClient::OnTransportError - code=2 error=End of file
